<?xml version="1.0" encoding="UTF-8"?>
<!-- Generated by org.testng.reporters.JUnitReportReporter -->
<testsuite skipped="0" hostname="DESKTOP-NOU9GCV" name="com.crm.PRACTICE.Bookmyshow" tests="1" failures="0" timestamp="21 Mar 2022 05:14:57 GMT" time="97.009" errors="0">
  <testcase name="book" time="97.009" classname="com.crm.PRACTICE.Bookmyshow"/>
</testsuite> <!-- com.crm.PRACTICE.Bookmyshow -->
