<?xml version="1.0" encoding="UTF-8"?>
<!-- Generated by org.testng.reporters.JUnitReportReporter -->
<testsuite skipped="0" hostname="DESKTOP-NOU9GCV" name="cretaeContactTest.ReadDataTest" tests="1" failures="0" timestamp="14 Mar 2022 10:43:24 GMT" time="0.013" errors="0">
  <testcase name="paraTest" time="0.013" classname="cretaeContactTest.ReadDataTest"/>
</testsuite> <!-- cretaeContactTest.ReadDataTest -->
